2023-05-21 05:05:691 INFO  HomePage :37 - Clicking on bank manager login button : [[ChromeDriver: chrome on WINDOWS (8f4bcc3b05ece7ab8f1f63f853f89837)] -> xpath: //button[normalize-space()='Bank Manager Login']]
2023-05-21 05:05:133 INFO  BankManagerLoginPage :36 - Clicking on add customer tab : [[ChromeDriver: chrome on WINDOWS (8f4bcc3b05ece7ab8f1f63f853f89837)] -> xpath: //button[normalize-space()='Add Customer']]
2023-05-21 05:05:474 INFO  AddCustomerPage :38 - Entering first name : [[ChromeDriver: chrome on WINDOWS (8f4bcc3b05ece7ab8f1f63f853f89837)] -> xpath: //input[@placeholder='First Name']]
2023-05-21 05:05:617 INFO  AddCustomerPage :44 - Entering last name : [[ChromeDriver: chrome on WINDOWS (8f4bcc3b05ece7ab8f1f63f853f89837)] -> xpath: //input[@placeholder='Last Name']]
2023-05-21 05:05:757 INFO  AddCustomerPage :49 - Entering post code : [[ChromeDriver: chrome on WINDOWS (8f4bcc3b05ece7ab8f1f63f853f89837)] -> xpath: //input[@placeholder='Post Code']]
2023-05-21 05:05:884 INFO  AddCustomerPage :54 - Clicking on add to customer button : [[ChromeDriver: chrome on WINDOWS (8f4bcc3b05ece7ab8f1f63f853f89837)] -> xpath: //button[@type='submit']]
2023-05-21 05:05:893 INFO  AddCustomerPage :58 - Getting message from pop up
2023-05-21 05:05:928 INFO  AddCustomerPage :64 - Accepting alert 
2023-05-22 02:05:285 INFO  HomePage :37 - Clicking on bank manager login button : [[ChromeDriver: chrome on WINDOWS (b4d35a862adc2ebe27266769d8dc95d7)] -> xpath: //button[normalize-space()='Bank Manager Login']]
2023-05-22 02:05:675 INFO  BankManagerLoginPage :36 - Clicking on add customer tab : [[ChromeDriver: chrome on WINDOWS (b4d35a862adc2ebe27266769d8dc95d7)] -> xpath: //button[normalize-space()='Add Customer']]
2023-05-22 02:05:58 INFO  AddCustomerPage :38 - Entering first name : [[ChromeDriver: chrome on WINDOWS (b4d35a862adc2ebe27266769d8dc95d7)] -> xpath: //input[@placeholder='First Name']]
2023-05-22 02:05:198 INFO  AddCustomerPage :44 - Entering last name : [[ChromeDriver: chrome on WINDOWS (b4d35a862adc2ebe27266769d8dc95d7)] -> xpath: //input[@placeholder='Last Name']]
2023-05-22 02:05:301 INFO  AddCustomerPage :49 - Entering post code : [[ChromeDriver: chrome on WINDOWS (b4d35a862adc2ebe27266769d8dc95d7)] -> xpath: //input[@placeholder='Post Code']]
2023-05-22 02:05:420 INFO  AddCustomerPage :54 - Clicking on add to customer button : [[ChromeDriver: chrome on WINDOWS (b4d35a862adc2ebe27266769d8dc95d7)] -> xpath: //button[@type='submit']]
2023-05-22 02:05:427 INFO  AddCustomerPage :58 - Getting message from pop up
2023-05-22 02:05:465 INFO  AddCustomerPage :64 - Accepting alert 
2023-05-22 02:05:182 INFO  HomePage :37 - Clicking on bank manager login button : [[ChromeDriver: chrome on WINDOWS (00e87dd6061abc3bf58dd86d7f95589c)] -> xpath: //button[normalize-space()='Bank Manager Login']]
2023-05-22 02:05:476 INFO  BankManagerLoginPage :42 - Clicking on open account tab : [[ChromeDriver: chrome on WINDOWS (00e87dd6061abc3bf58dd86d7f95589c)] -> xpath: //button[normalize-space()='Open Account']]
2023-05-22 02:05:969 INFO  OpenAccountPage :47 - Selecting customer dropdown : [[[ChromeDriver: chrome on WINDOWS (00e87dd6061abc3bf58dd86d7f95589c)] -> xpath: //form[@role='form']/child::div[1]/select/child::*], [[ChromeDriver: chrome on WINDOWS (00e87dd6061abc3bf58dd86d7f95589c)] -> xpath: //form[@role='form']/child::div[1]/select/child::*], [[ChromeDriver: chrome on WINDOWS (00e87dd6061abc3bf58dd86d7f95589c)] -> xpath: //form[@role='form']/child::div[1]/select/child::*], [[ChromeDriver: chrome on WINDOWS (00e87dd6061abc3bf58dd86d7f95589c)] -> xpath: //form[@role='form']/child::div[1]/select/child::*], [[ChromeDriver: chrome on WINDOWS (00e87dd6061abc3bf58dd86d7f95589c)] -> xpath: //form[@role='form']/child::div[1]/select/child::*], [[ChromeDriver: chrome on WINDOWS (00e87dd6061abc3bf58dd86d7f95589c)] -> xpath: //form[@role='form']/child::div[1]/select/child::*]]
2023-05-22 02:05:245 INFO  OpenAccountPage :53 - Selecting currency dropdown : [[ChromeDriver: chrome on WINDOWS (00e87dd6061abc3bf58dd86d7f95589c)] -> xpath: //select[@id='currency']]
2023-05-22 02:05:382 INFO  OpenAccountPage :59 - Clicking on process button: [[ChromeDriver: chrome on WINDOWS (00e87dd6061abc3bf58dd86d7f95589c)] -> xpath: //button[normalize-space()='Process']]
2023-05-22 02:05:392 INFO  OpenAccountPage :65 - Getting message from pop up 
2023-05-22 02:05:413 INFO  AddCustomerPage :64 - Accepting alert 
2023-05-22 02:05:527 INFO  HomePage :31 - Clicking on customer login button : [[ChromeDriver: chrome on WINDOWS (a15a48052058d40c8c851acf8f3f2e31)] -> xpath: //button[normalize-space()='Customer Login']]
2023-05-22 02:05:983 INFO  CustomersPage :37 - Clicking on name dropdown field : [[ChromeDriver: chrome on WINDOWS (a15a48052058d40c8c851acf8f3f2e31)] -> id: userSelect]
2023-05-22 02:05:137 INFO  CustomersPage :39 - Selecting name : [[[ChromeDriver: chrome on WINDOWS (a15a48052058d40c8c851acf8f3f2e31)] -> xpath: //select[@name='userSelect']/child::*], [[ChromeDriver: chrome on WINDOWS (a15a48052058d40c8c851acf8f3f2e31)] -> xpath: //select[@name='userSelect']/child::*], [[ChromeDriver: chrome on WINDOWS (a15a48052058d40c8c851acf8f3f2e31)] -> xpath: //select[@name='userSelect']/child::*], [[ChromeDriver: chrome on WINDOWS (a15a48052058d40c8c851acf8f3f2e31)] -> xpath: //select[@name='userSelect']/child::*], [[ChromeDriver: chrome on WINDOWS (a15a48052058d40c8c851acf8f3f2e31)] -> xpath: //select[@name='userSelect']/child::*], [[ChromeDriver: chrome on WINDOWS (a15a48052058d40c8c851acf8f3f2e31)] -> xpath: //select[@name='userSelect']/child::*]]
2023-05-22 02:05:303 INFO  CustomersPage :44 - Clicking on login button : [[ChromeDriver: chrome on WINDOWS (a15a48052058d40c8c851acf8f3f2e31)] -> xpath: //button[normalize-space()='Login']]
2023-05-22 02:05:331 INFO  CustomerLoginPage :43 - Getting logout text : [[ChromeDriver: chrome on WINDOWS (a15a48052058d40c8c851acf8f3f2e31)] -> xpath: //button[contains(text(),'Logout')]]
2023-05-22 02:05:942 INFO  HomePage :31 - Clicking on customer login button : [[ChromeDriver: chrome on WINDOWS (772074626596f0a3b864339d952c4f95)] -> xpath: //button[normalize-space()='Customer Login']]
2023-05-22 02:05:365 INFO  CustomersPage :37 - Clicking on name dropdown field : [[ChromeDriver: chrome on WINDOWS (772074626596f0a3b864339d952c4f95)] -> id: userSelect]
2023-05-22 02:05:990 INFO  CustomersPage :39 - Selecting name : [[[ChromeDriver: chrome on WINDOWS (772074626596f0a3b864339d952c4f95)] -> xpath: //select[@name='userSelect']/child::*], [[ChromeDriver: chrome on WINDOWS (772074626596f0a3b864339d952c4f95)] -> xpath: //select[@name='userSelect']/child::*], [[ChromeDriver: chrome on WINDOWS (772074626596f0a3b864339d952c4f95)] -> xpath: //select[@name='userSelect']/child::*], [[ChromeDriver: chrome on WINDOWS (772074626596f0a3b864339d952c4f95)] -> xpath: //select[@name='userSelect']/child::*], [[ChromeDriver: chrome on WINDOWS (772074626596f0a3b864339d952c4f95)] -> xpath: //select[@name='userSelect']/child::*], [[ChromeDriver: chrome on WINDOWS (772074626596f0a3b864339d952c4f95)] -> xpath: //select[@name='userSelect']/child::*]]
2023-05-22 02:05:175 INFO  CustomersPage :44 - Clicking on login button : [[ChromeDriver: chrome on WINDOWS (772074626596f0a3b864339d952c4f95)] -> xpath: //button[normalize-space()='Login']]
2023-05-22 02:05:553 INFO  AccountPage :65 - Clicking on deposit tab : [[ChromeDriver: chrome on WINDOWS (772074626596f0a3b864339d952c4f95)] -> xpath: //button[contains(text(),'Deposit')]]
2023-05-22 02:05:937 INFO  AccountPage :77 - Entering deposit amount : [[ChromeDriver: chrome on WINDOWS (772074626596f0a3b864339d952c4f95)] -> xpath: //input[@type='number']]
2023-05-22 02:05:138 INFO  AccountPage :82 - Clicking on deposit button : [[ChromeDriver: chrome on WINDOWS (772074626596f0a3b864339d952c4f95)] -> xpath: //button[@type='submit']]
2023-05-22 02:05:195 INFO  AccountPage :86 - Getting deposited message : [[ChromeDriver: chrome on WINDOWS (772074626596f0a3b864339d952c4f95)] -> xpath: //span[contains(text(),'Deposit Successful')]]
2023-05-22 02:05:721 INFO  HomePage :31 - Clicking on customer login button : [[ChromeDriver: chrome on WINDOWS (ed42f3e09b7bd15c840fc35c79540fd4)] -> xpath: //button[normalize-space()='Customer Login']]
2023-05-22 02:05:420 INFO  CustomersPage :37 - Clicking on name dropdown field : [[ChromeDriver: chrome on WINDOWS (ed42f3e09b7bd15c840fc35c79540fd4)] -> id: userSelect]
2023-05-22 02:05:781 INFO  CustomersPage :39 - Selecting name : [[[ChromeDriver: chrome on WINDOWS (ed42f3e09b7bd15c840fc35c79540fd4)] -> xpath: //select[@name='userSelect']/child::*], [[ChromeDriver: chrome on WINDOWS (ed42f3e09b7bd15c840fc35c79540fd4)] -> xpath: //select[@name='userSelect']/child::*], [[ChromeDriver: chrome on WINDOWS (ed42f3e09b7bd15c840fc35c79540fd4)] -> xpath: //select[@name='userSelect']/child::*], [[ChromeDriver: chrome on WINDOWS (ed42f3e09b7bd15c840fc35c79540fd4)] -> xpath: //select[@name='userSelect']/child::*], [[ChromeDriver: chrome on WINDOWS (ed42f3e09b7bd15c840fc35c79540fd4)] -> xpath: //select[@name='userSelect']/child::*], [[ChromeDriver: chrome on WINDOWS (ed42f3e09b7bd15c840fc35c79540fd4)] -> xpath: //select[@name='userSelect']/child::*]]
2023-05-22 02:05:879 INFO  CustomersPage :44 - Clicking on login button : [[ChromeDriver: chrome on WINDOWS (ed42f3e09b7bd15c840fc35c79540fd4)] -> xpath: //button[normalize-space()='Login']]
2023-05-22 02:05:165 INFO  HomePage :37 - Clicking on bank manager login button : [[ChromeDriver: chrome on WINDOWS (fe5b8cd0a9203962deeb6ee5f72feaa4)] -> xpath: //button[normalize-space()='Bank Manager Login']]
2023-05-22 02:05:584 INFO  BankManagerLoginPage :36 - Clicking on add customer tab : [[ChromeDriver: chrome on WINDOWS (fe5b8cd0a9203962deeb6ee5f72feaa4)] -> xpath: //button[normalize-space()='Add Customer']]
2023-05-22 02:05:931 INFO  AddCustomerPage :38 - Entering first name : [[ChromeDriver: chrome on WINDOWS (fe5b8cd0a9203962deeb6ee5f72feaa4)] -> xpath: //input[@placeholder='First Name']]
2023-05-22 02:05:100 INFO  AddCustomerPage :44 - Entering last name : [[ChromeDriver: chrome on WINDOWS (fe5b8cd0a9203962deeb6ee5f72feaa4)] -> xpath: //input[@placeholder='Last Name']]
2023-05-22 02:05:220 INFO  AddCustomerPage :49 - Entering post code : [[ChromeDriver: chrome on WINDOWS (fe5b8cd0a9203962deeb6ee5f72feaa4)] -> xpath: //input[@placeholder='Post Code']]
2023-05-22 02:05:360 INFO  AddCustomerPage :54 - Clicking on add to customer button : [[ChromeDriver: chrome on WINDOWS (fe5b8cd0a9203962deeb6ee5f72feaa4)] -> xpath: //button[@type='submit']]
2023-05-22 02:05:372 INFO  AddCustomerPage :58 - Getting message from pop up
2023-05-22 02:05:407 INFO  AddCustomerPage :64 - Accepting alert 
2023-05-22 02:05:676 INFO  HomePage :37 - Clicking on bank manager login button : [[ChromeDriver: chrome on WINDOWS (baccb7388ea2b67aa52b81484f823ee8)] -> xpath: //button[normalize-space()='Bank Manager Login']]
2023-05-22 02:05:36 INFO  BankManagerLoginPage :42 - Clicking on open account tab : [[ChromeDriver: chrome on WINDOWS (baccb7388ea2b67aa52b81484f823ee8)] -> xpath: //button[normalize-space()='Open Account']]
2023-05-22 02:05:411 INFO  OpenAccountPage :47 - Selecting customer dropdown : [[[ChromeDriver: chrome on WINDOWS (baccb7388ea2b67aa52b81484f823ee8)] -> xpath: //form[@role='form']/child::div[1]/select/child::*], [[ChromeDriver: chrome on WINDOWS (baccb7388ea2b67aa52b81484f823ee8)] -> xpath: //form[@role='form']/child::div[1]/select/child::*], [[ChromeDriver: chrome on WINDOWS (baccb7388ea2b67aa52b81484f823ee8)] -> xpath: //form[@role='form']/child::div[1]/select/child::*], [[ChromeDriver: chrome on WINDOWS (baccb7388ea2b67aa52b81484f823ee8)] -> xpath: //form[@role='form']/child::div[1]/select/child::*], [[ChromeDriver: chrome on WINDOWS (baccb7388ea2b67aa52b81484f823ee8)] -> xpath: //form[@role='form']/child::div[1]/select/child::*], [[ChromeDriver: chrome on WINDOWS (baccb7388ea2b67aa52b81484f823ee8)] -> xpath: //form[@role='form']/child::div[1]/select/child::*]]
2023-05-22 02:05:802 INFO  OpenAccountPage :53 - Selecting currency dropdown : [[ChromeDriver: chrome on WINDOWS (baccb7388ea2b67aa52b81484f823ee8)] -> xpath: //select[@id='currency']]
2023-05-22 02:05:933 INFO  OpenAccountPage :59 - Clicking on process button: [[ChromeDriver: chrome on WINDOWS (baccb7388ea2b67aa52b81484f823ee8)] -> xpath: //button[normalize-space()='Process']]
2023-05-22 02:05:941 INFO  OpenAccountPage :65 - Getting message from pop up 
2023-05-22 02:05:971 INFO  AddCustomerPage :64 - Accepting alert 
2023-05-22 02:05:540 INFO  HomePage :31 - Clicking on customer login button : [[ChromeDriver: chrome on WINDOWS (2320146af316b51fd52c4da874ad9b56)] -> xpath: //button[normalize-space()='Customer Login']]
2023-05-22 02:05:941 INFO  CustomersPage :37 - Clicking on name dropdown field : [[ChromeDriver: chrome on WINDOWS (2320146af316b51fd52c4da874ad9b56)] -> id: userSelect]
2023-05-22 02:05:102 INFO  CustomersPage :39 - Selecting name : [[[ChromeDriver: chrome on WINDOWS (2320146af316b51fd52c4da874ad9b56)] -> xpath: //select[@name='userSelect']/child::*], [[ChromeDriver: chrome on WINDOWS (2320146af316b51fd52c4da874ad9b56)] -> xpath: //select[@name='userSelect']/child::*], [[ChromeDriver: chrome on WINDOWS (2320146af316b51fd52c4da874ad9b56)] -> xpath: //select[@name='userSelect']/child::*], [[ChromeDriver: chrome on WINDOWS (2320146af316b51fd52c4da874ad9b56)] -> xpath: //select[@name='userSelect']/child::*], [[ChromeDriver: chrome on WINDOWS (2320146af316b51fd52c4da874ad9b56)] -> xpath: //select[@name='userSelect']/child::*], [[ChromeDriver: chrome on WINDOWS (2320146af316b51fd52c4da874ad9b56)] -> xpath: //select[@name='userSelect']/child::*]]
2023-05-22 02:05:726 INFO  CustomersPage :44 - Clicking on login button : [[ChromeDriver: chrome on WINDOWS (2320146af316b51fd52c4da874ad9b56)] -> xpath: //button[normalize-space()='Login']]
2023-05-22 02:05:989 INFO  HomePage :31 - Clicking on customer login button : [[ChromeDriver: chrome on WINDOWS (9d663a78094c78596d9dd1c0f0814e1e)] -> xpath: //button[normalize-space()='Customer Login']]
2023-05-22 02:05:775 INFO  CustomersPage :37 - Clicking on name dropdown field : [[ChromeDriver: chrome on WINDOWS (9d663a78094c78596d9dd1c0f0814e1e)] -> id: userSelect]
2023-05-22 02:05:198 INFO  CustomersPage :39 - Selecting name : [[[ChromeDriver: chrome on WINDOWS (9d663a78094c78596d9dd1c0f0814e1e)] -> xpath: //select[@name='userSelect']/child::*], [[ChromeDriver: chrome on WINDOWS (9d663a78094c78596d9dd1c0f0814e1e)] -> xpath: //select[@name='userSelect']/child::*], [[ChromeDriver: chrome on WINDOWS (9d663a78094c78596d9dd1c0f0814e1e)] -> xpath: //select[@name='userSelect']/child::*], [[ChromeDriver: chrome on WINDOWS (9d663a78094c78596d9dd1c0f0814e1e)] -> xpath: //select[@name='userSelect']/child::*], [[ChromeDriver: chrome on WINDOWS (9d663a78094c78596d9dd1c0f0814e1e)] -> xpath: //select[@name='userSelect']/child::*], [[ChromeDriver: chrome on WINDOWS (9d663a78094c78596d9dd1c0f0814e1e)] -> xpath: //select[@name='userSelect']/child::*]]
2023-05-22 02:05:578 INFO  CustomersPage :44 - Clicking on login button : [[ChromeDriver: chrome on WINDOWS (9d663a78094c78596d9dd1c0f0814e1e)] -> xpath: //button[normalize-space()='Login']]
2023-05-22 02:05:908 INFO  AccountPage :65 - Clicking on deposit tab : [[ChromeDriver: chrome on WINDOWS (9d663a78094c78596d9dd1c0f0814e1e)] -> xpath: //button[contains(text(),'Deposit')]]
2023-05-22 02:05:264 INFO  AccountPage :77 - Entering deposit amount : [[ChromeDriver: chrome on WINDOWS (9d663a78094c78596d9dd1c0f0814e1e)] -> xpath: //input[@type='number']]
2023-05-22 02:05:447 INFO  AccountPage :82 - Clicking on deposit button : [[ChromeDriver: chrome on WINDOWS (9d663a78094c78596d9dd1c0f0814e1e)] -> xpath: //button[@type='submit']]
2023-05-22 02:05:502 INFO  AccountPage :86 - Getting deposited message : [[ChromeDriver: chrome on WINDOWS (9d663a78094c78596d9dd1c0f0814e1e)] -> xpath: //span[contains(text(),'Deposit Successful')]]
2023-05-22 02:05:749 INFO  HomePage :31 - Clicking on customer login button : [[ChromeDriver: chrome on WINDOWS (be0322c65551b22a501ec5ce1ba16498)] -> xpath: //button[normalize-space()='Customer Login']]
2023-05-22 02:05:322 INFO  CustomersPage :37 - Clicking on name dropdown field : [[ChromeDriver: chrome on WINDOWS (be0322c65551b22a501ec5ce1ba16498)] -> id: userSelect]
2023-05-22 02:05:607 INFO  CustomersPage :39 - Selecting name : [[[ChromeDriver: chrome on WINDOWS (be0322c65551b22a501ec5ce1ba16498)] -> xpath: //select[@name='userSelect']/child::*], [[ChromeDriver: chrome on WINDOWS (be0322c65551b22a501ec5ce1ba16498)] -> xpath: //select[@name='userSelect']/child::*], [[ChromeDriver: chrome on WINDOWS (be0322c65551b22a501ec5ce1ba16498)] -> xpath: //select[@name='userSelect']/child::*], [[ChromeDriver: chrome on WINDOWS (be0322c65551b22a501ec5ce1ba16498)] -> xpath: //select[@name='userSelect']/child::*], [[ChromeDriver: chrome on WINDOWS (be0322c65551b22a501ec5ce1ba16498)] -> xpath: //select[@name='userSelect']/child::*], [[ChromeDriver: chrome on WINDOWS (be0322c65551b22a501ec5ce1ba16498)] -> xpath: //select[@name='userSelect']/child::*]]
2023-05-22 02:05:891 INFO  CustomersPage :44 - Clicking on login button : [[ChromeDriver: chrome on WINDOWS (be0322c65551b22a501ec5ce1ba16498)] -> xpath: //button[normalize-space()='Login']]
2023-05-22 02:05:517 INFO  AccountPage :71 - Clicking on withdrawal tab : [[ChromeDriver: chrome on WINDOWS (be0322c65551b22a501ec5ce1ba16498)] -> xpath: //button[contains(text(),'Withdrawl')]]
2023-05-22 02:05:38 INFO  AccountPage :92 - Entering amount to withdraw : [[ChromeDriver: chrome on WINDOWS (be0322c65551b22a501ec5ce1ba16498)] -> xpath: //input[@type='number']]
2023-05-22 02:05:497 INFO  AccountPage :97 - Clicking withdraw button : [[ChromeDriver: chrome on WINDOWS (be0322c65551b22a501ec5ce1ba16498)] -> xpath: //button[@type='submit']]
2023-05-22 02:05:726 INFO  AccountPage :101 - Getting transaction success message  : [[ChromeDriver: chrome on WINDOWS (be0322c65551b22a501ec5ce1ba16498)] -> xpath: //span[contains(text(),'Transaction successful')]]
2023-05-23 10:05:185 INFO  HomePage :37 - Clicking on bank manager login button : [[ChromeDriver: chrome on WINDOWS (1df09b4032912f481c578178ec8b5a75)] -> xpath: //button[normalize-space()='Bank Manager Login']]
2023-05-23 10:05:515 INFO  BankManagerLoginPage :36 - Clicking on add customer tab : [[ChromeDriver: chrome on WINDOWS (1df09b4032912f481c578178ec8b5a75)] -> xpath: //button[normalize-space()='Add Customer']]
2023-05-23 10:05:822 INFO  AddCustomerPage :38 - Entering first name : [[ChromeDriver: chrome on WINDOWS (1df09b4032912f481c578178ec8b5a75)] -> xpath: //input[@placeholder='First Name']]
2023-05-23 10:05:911 INFO  AddCustomerPage :44 - Entering last name : [[ChromeDriver: chrome on WINDOWS (1df09b4032912f481c578178ec8b5a75)] -> xpath: //input[@placeholder='Last Name']]
2023-05-23 10:05:00 INFO  AddCustomerPage :49 - Entering post code : [[ChromeDriver: chrome on WINDOWS (1df09b4032912f481c578178ec8b5a75)] -> xpath: //input[@placeholder='Post Code']]
2023-05-23 10:05:84 INFO  AddCustomerPage :54 - Clicking on add to customer button : [[ChromeDriver: chrome on WINDOWS (1df09b4032912f481c578178ec8b5a75)] -> xpath: //button[@type='submit']]
2023-05-23 10:05:89 INFO  AddCustomerPage :58 - Getting message from pop up
2023-05-23 10:05:109 INFO  AddCustomerPage :64 - Accepting alert 
2023-05-23 10:05:288 INFO  HomePage :37 - Clicking on bank manager login button : [[ChromeDriver: chrome on WINDOWS (464f1230879b8cc80bf670d1b801126b)] -> xpath: //button[normalize-space()='Bank Manager Login']]
2023-05-23 10:05:517 INFO  BankManagerLoginPage :42 - Clicking on open account tab : [[ChromeDriver: chrome on WINDOWS (464f1230879b8cc80bf670d1b801126b)] -> xpath: //button[normalize-space()='Open Account']]
2023-05-23 10:05:871 INFO  OpenAccountPage :47 - Selecting customer dropdown : [[[ChromeDriver: chrome on WINDOWS (464f1230879b8cc80bf670d1b801126b)] -> xpath: //form[@role='form']/child::div[1]/select/child::*], [[ChromeDriver: chrome on WINDOWS (464f1230879b8cc80bf670d1b801126b)] -> xpath: //form[@role='form']/child::div[1]/select/child::*], [[ChromeDriver: chrome on WINDOWS (464f1230879b8cc80bf670d1b801126b)] -> xpath: //form[@role='form']/child::div[1]/select/child::*], [[ChromeDriver: chrome on WINDOWS (464f1230879b8cc80bf670d1b801126b)] -> xpath: //form[@role='form']/child::div[1]/select/child::*], [[ChromeDriver: chrome on WINDOWS (464f1230879b8cc80bf670d1b801126b)] -> xpath: //form[@role='form']/child::div[1]/select/child::*], [[ChromeDriver: chrome on WINDOWS (464f1230879b8cc80bf670d1b801126b)] -> xpath: //form[@role='form']/child::div[1]/select/child::*]]
2023-05-23 10:05:82 INFO  OpenAccountPage :53 - Selecting currency dropdown : [[ChromeDriver: chrome on WINDOWS (464f1230879b8cc80bf670d1b801126b)] -> xpath: //select[@id='currency']]
2023-05-23 10:05:211 INFO  OpenAccountPage :59 - Clicking on process button: [[ChromeDriver: chrome on WINDOWS (464f1230879b8cc80bf670d1b801126b)] -> xpath: //button[normalize-space()='Process']]
2023-05-23 10:05:211 INFO  OpenAccountPage :65 - Getting message from pop up 
2023-05-23 10:05:238 INFO  AddCustomerPage :64 - Accepting alert 
2023-05-23 10:05:218 INFO  HomePage :31 - Clicking on customer login button : [[ChromeDriver: chrome on WINDOWS (4dac6b58fc3629c0db92a51530b84eeb)] -> xpath: //button[normalize-space()='Customer Login']]
2023-05-23 10:05:632 INFO  CustomersPage :37 - Clicking on name dropdown field : [[ChromeDriver: chrome on WINDOWS (4dac6b58fc3629c0db92a51530b84eeb)] -> id: userSelect]
2023-05-23 10:05:800 INFO  CustomersPage :39 - Selecting name : [[[ChromeDriver: chrome on WINDOWS (4dac6b58fc3629c0db92a51530b84eeb)] -> xpath: //select[@name='userSelect']/child::*], [[ChromeDriver: chrome on WINDOWS (4dac6b58fc3629c0db92a51530b84eeb)] -> xpath: //select[@name='userSelect']/child::*], [[ChromeDriver: chrome on WINDOWS (4dac6b58fc3629c0db92a51530b84eeb)] -> xpath: //select[@name='userSelect']/child::*], [[ChromeDriver: chrome on WINDOWS (4dac6b58fc3629c0db92a51530b84eeb)] -> xpath: //select[@name='userSelect']/child::*], [[ChromeDriver: chrome on WINDOWS (4dac6b58fc3629c0db92a51530b84eeb)] -> xpath: //select[@name='userSelect']/child::*], [[ChromeDriver: chrome on WINDOWS (4dac6b58fc3629c0db92a51530b84eeb)] -> xpath: //select[@name='userSelect']/child::*]]
2023-05-23 10:05:48 INFO  CustomersPage :44 - Clicking on login button : [[ChromeDriver: chrome on WINDOWS (4dac6b58fc3629c0db92a51530b84eeb)] -> xpath: //button[normalize-space()='Login']]
2023-05-23 10:05:248 INFO  CustomerLoginPage :32 - Clicking on logout button : [[ChromeDriver: chrome on WINDOWS (4dac6b58fc3629c0db92a51530b84eeb)] -> xpath: //button[contains(text(),'Logout')]]
2023-05-23 10:05:262 INFO  CustomerLoginPage :37 - Getting name text : [[ChromeDriver: chrome on WINDOWS (4dac6b58fc3629c0db92a51530b84eeb)] -> xpath: //label[text()='Your Name :']]
2023-05-23 10:05:389 INFO  HomePage :31 - Clicking on customer login button : [[ChromeDriver: chrome on WINDOWS (ad308682989111f20a0955632bf589db)] -> xpath: //button[normalize-space()='Customer Login']]
2023-05-23 10:05:938 INFO  CustomersPage :37 - Clicking on name dropdown field : [[ChromeDriver: chrome on WINDOWS (ad308682989111f20a0955632bf589db)] -> id: userSelect]
2023-05-23 10:05:273 INFO  CustomersPage :39 - Selecting name : [[[ChromeDriver: chrome on WINDOWS (ad308682989111f20a0955632bf589db)] -> xpath: //select[@name='userSelect']/child::*], [[ChromeDriver: chrome on WINDOWS (ad308682989111f20a0955632bf589db)] -> xpath: //select[@name='userSelect']/child::*], [[ChromeDriver: chrome on WINDOWS (ad308682989111f20a0955632bf589db)] -> xpath: //select[@name='userSelect']/child::*], [[ChromeDriver: chrome on WINDOWS (ad308682989111f20a0955632bf589db)] -> xpath: //select[@name='userSelect']/child::*], [[ChromeDriver: chrome on WINDOWS (ad308682989111f20a0955632bf589db)] -> xpath: //select[@name='userSelect']/child::*], [[ChromeDriver: chrome on WINDOWS (ad308682989111f20a0955632bf589db)] -> xpath: //select[@name='userSelect']/child::*]]
2023-05-23 10:05:408 INFO  CustomersPage :44 - Clicking on login button : [[ChromeDriver: chrome on WINDOWS (ad308682989111f20a0955632bf589db)] -> xpath: //button[normalize-space()='Login']]
2023-05-23 10:05:730 INFO  AccountPage :65 - Clicking on deposit tab : [[ChromeDriver: chrome on WINDOWS (ad308682989111f20a0955632bf589db)] -> xpath: //button[contains(text(),'Deposit')]]
2023-05-23 10:05:326 INFO  AccountPage :77 - Entering deposit amount : [[ChromeDriver: chrome on WINDOWS (ad308682989111f20a0955632bf589db)] -> xpath: //input[@type='number']]
2023-05-23 10:05:443 INFO  AccountPage :82 - Clicking on deposit button : [[ChromeDriver: chrome on WINDOWS (ad308682989111f20a0955632bf589db)] -> xpath: //button[@type='submit']]
2023-05-23 10:05:478 INFO  AccountPage :86 - Getting deposited message : [[ChromeDriver: chrome on WINDOWS (ad308682989111f20a0955632bf589db)] -> xpath: //span[contains(text(),'Deposit Successful')]]
2023-05-23 10:05:761 INFO  HomePage :31 - Clicking on customer login button : [[ChromeDriver: chrome on WINDOWS (7cdb1e0321178a69a147e3b2eddd09df)] -> xpath: //button[normalize-space()='Customer Login']]
2023-05-23 10:05:288 INFO  CustomersPage :37 - Clicking on name dropdown field : [[ChromeDriver: chrome on WINDOWS (7cdb1e0321178a69a147e3b2eddd09df)] -> id: userSelect]
2023-05-23 10:05:452 INFO  CustomersPage :39 - Selecting name : [[[ChromeDriver: chrome on WINDOWS (7cdb1e0321178a69a147e3b2eddd09df)] -> xpath: //select[@name='userSelect']/child::*], [[ChromeDriver: chrome on WINDOWS (7cdb1e0321178a69a147e3b2eddd09df)] -> xpath: //select[@name='userSelect']/child::*], [[ChromeDriver: chrome on WINDOWS (7cdb1e0321178a69a147e3b2eddd09df)] -> xpath: //select[@name='userSelect']/child::*], [[ChromeDriver: chrome on WINDOWS (7cdb1e0321178a69a147e3b2eddd09df)] -> xpath: //select[@name='userSelect']/child::*], [[ChromeDriver: chrome on WINDOWS (7cdb1e0321178a69a147e3b2eddd09df)] -> xpath: //select[@name='userSelect']/child::*], [[ChromeDriver: chrome on WINDOWS (7cdb1e0321178a69a147e3b2eddd09df)] -> xpath: //select[@name='userSelect']/child::*]]
2023-05-23 10:05:10 INFO  CustomersPage :44 - Clicking on login button : [[ChromeDriver: chrome on WINDOWS (7cdb1e0321178a69a147e3b2eddd09df)] -> xpath: //button[normalize-space()='Login']]
2023-05-23 10:05:119 INFO  AccountPage :71 - Clicking on withdrawal tab : [[ChromeDriver: chrome on WINDOWS (7cdb1e0321178a69a147e3b2eddd09df)] -> xpath: //button[contains(text(),'Withdrawl')]]
2023-05-23 10:05:417 INFO  AccountPage :92 - Entering amount to withdraw : [[ChromeDriver: chrome on WINDOWS (7cdb1e0321178a69a147e3b2eddd09df)] -> xpath: //input[@type='number']]
2023-05-23 10:05:497 INFO  AccountPage :97 - Clicking withdraw button : [[ChromeDriver: chrome on WINDOWS (7cdb1e0321178a69a147e3b2eddd09df)] -> xpath: //button[@type='submit']]
2023-05-23 10:05:512 INFO  AccountPage :101 - Getting transaction success message  : [[ChromeDriver: chrome on WINDOWS (7cdb1e0321178a69a147e3b2eddd09df)] -> xpath: //span[contains(text(),'Transaction successful')]]
